     1                                  ;ipl inital program loader
     2                                  ;hello-os
     3                                  ;TAB=4
     4                                  CYLS	EQU		10          ;equ:equal缩写,CYLS=10,相当于C中的define
     5                                  	ORG     0x7c00          ;ORG origin缩写,源头起点,0x7c00 系统引导区的装载地址被规定为0x00007C00--0x00007DFF,https://wiki.osdev.org/Memory_Map_(x86)
     6                                  ;fat12格式软盘
     7 00000000 EB4E                        JMP     entry           ;JMP jump缩写,跳转,entry 入口
     8 00000002 90                      	DB	    0x90            ;暂不知道为什么要为0x90，DB为Define Byte缩写,8 Byte
     9 00000003 48454C4C4F49504C        	DB	    "HELLOIPL"      ;启动扇区名字可以自由写
    10 0000000B 0002                    	DW	    512             ;一扇区(sector)大小固定为512，DW为define word缩写16 Byte
    11 0000000D 01                      	DB	    1               ;簇(cluster)大小,必须为一个扇区
    12 0000000E 0100                    	DW	    1               ;FAT的起始位置一般从第一个扇区开始
    13 00000010 02                      	DB	    2               ;FAT的数量必须为2
    14 00000011 E000                    	DW	    224             ;根目录大大小(一般设置我224)
    15 00000013 400B                    	DW	    2880            ;该磁盘的扇区数目(软盘1.4M / 512byte)
    16 00000015 F0                      	DB	    0xf0            ;磁盘的种类(必须是0xf0)
    17 00000016 0900                    	DW	    9               ;FAT的长度(必须是9扇区)
    18 00000018 1200                    	DW	    18              ;一个磁道(track)有多少个扇区(必须为18)
    19 0000001A 0200                    	DW      2				;磁头数必须是2
    20 0000001C 00000000                	DD	    0               ;不使用分区必须是0,DD Define Double Word缩写32 BYTE
    21 00000020 400B0000                	DD	    2880            ;重写一次磁盘大小
    22 00000024 000029                  	DB	    0,0,0x29        ;意义不明,固定
    23 00000027 FFFFFFFF                	DD	    0xffffffff      ;(可能是)卷标
    24 0000002B 48454C4C4F2D4F5320-     	DB	    "HELLO-OS   "   ;磁盘的名称(11Byte)
    24 00000034 2020               
    25 00000036 4641543132202020        	DB	    "FAT12   "      ;磁盘格式名称(8Byte)
    26 0000003E 00<rept>                	TIMES	18	DB	0       ;同 RESB 18空出18字节
    27                                  ;程序主体
    28                                  entry:
    29 00000050 B80000                      MOV     AX,0            ;初始化寄存器,MOV move缩写,赋值语句,AX——accumulator，累加寄存器
    30 00000053 8ED0                        MOV     SS,AX           ;SS——栈段寄存器（stack segment)
    31 00000055 BC007C                      MOV     SP,0x7c00       ;对应上面的ORG地址,SP——stack pointer，栈指针寄存器
    32 00000058 8ED8                        MOV     DS,AX           ;DS——数据段寄存器（data segment)
    33                                  ;读磁盘
    34 0000005A B82008                      MOV     AX,0x820
    35 0000005D 8EC0                        MOV     ES,AX           ;ES——附加段寄存器（extra segment)
    36 0000005F B500                        MOV     CH,0            ;柱面0,CH——计数寄存器高位（counter high）
    37 00000061 B600                        MOV     DH,0            ;磁头0,DH——数据寄存器高位（data high）
    38 00000063 B102                        MOV     CL,2            ;扇区2
    39                                  readloop:
    40 00000065 BE0000                      MOV     SI,0            ;记录失败次数的寄存器
    41                                  
    42                                  retry:
    43 00000068 B402                        MOV     AH,0x02         ;AH=0x02:读盘
    44 0000006A B001                        MOV     AL,1            ;一个扇区
    45 0000006C BB0000                      MOV     BX,0
    46 0000006F B200                        MOV     DL,0x00         ;A驱动器
    47 00000071 CD13                        INT     0x13            ;调用磁盘bios
    48 00000073 7310                        JNC     next             ;JNC:jump if not carry,没出错的话跳转到next
    49 00000075 83C601                      ADD     SI,1            ;出错 SI+1
    50 00000078 83FE05                      CMP     SI,5            
    51 0000007B 7335                        JAE     error           ;JAE: jump if above or equal,SI>=5时,不再重试跳转的error
    52 0000007D B400                        MOV     AH,0x00
    53 0000007F B200                        MOV     DL,0x00
    54 00000081 CD13                        INT     0x13            ;重置驱动器
    55 00000083 EBE3                        JMP     retry
    56                                  
    57                                  next:
    58 00000085 8CC0                        MOV     AX,ES
    59 00000087 83C020                      ADD     AX,0x0020       ;0x20为512(一个扇区大小)/16,因为内存的地址为 ES×16+BX
    60 0000008A 8EC0                        MOV     ES,AX           ;将内存地址后移0x200
    61 0000008C 80C101                      ADD     CL,1            ;往CL里＋1
    62 0000008F 80F912                      CMP     CL,18
    63 00000092 76D1                        JBE     readloop        ;jbe:jump if below or equal
    64 00000094 B101                        MOV     CL,1
    65 00000096 80C601                      ADD     DH,1
    66 00000099 80FE02                      CMP     DH,2
    67 0000009C 72C7                        JB      readloop
    68 0000009E B600                        MOV     DH,0
    69 000000A0 80C501                      ADD     CH,1
    70 000000A3 80FD0A                      CMP     CH,CYLS
    71 000000A6 72BD                        JB      readloop        ;JB:jump if below
    72                                  ;读取sys   
    73 000000A8 882EF00F                    MOV	    [0x0ff0],CH     ;记录磁盘装载内容的结束地址,将其写入到地址0x0ff0中
    74 000000AC E9(00C2)                    JMP		0xc200          ;0x2600存放的是磁盘的文件名,0x4200存放的是文件内容,磁盘的内容被装载在0x8000,0x8000+0x4200=0xc200
    75                                  fin:
    76 000000AF F4                          HLT                     ;让CPU停止,等待指令
    77 000000B0 EBFD                        JMP     fin             ;无限循环
    78                                  
    79                                  
    80                                  error:
    81 000000B2 BE[C700]                    MOV     SI,msg          ;SI——source index，源变址寄存器
    82                                  ;信息显示部分
    83                                  putloop:;循环
    84 000000B5 8A04                        MOV     AL,[SI]         ;[SI]表示的是SI的值,在这里即为内存地址
    85 000000B7 83C601                      ADD     SI,1
    86 000000BA 3C00                        CMP     AL,0            ;CMP compare缩写比较,AL的值是否为0(字符串结尾)
    87 000000BC 74F1                        JE      fin             ;JE jump if equal缩写,如果相等就跳转,fin finish缩写
    88 000000BE B40E                        MOV     AH,0x0e         ;显示一个文字,AH——累加寄存器高位（accumulator high）
    89 000000C0 BB0F00                      MOV     BX,15           ;指定字符颜色,BX——base，基址寄存器
    90 000000C3 CD10                        INT     0x10            ;调用显卡BIOS,INT interrupt缩写中断指令,https://en.wikipedia.org/wiki/INT_13H
    91 000000C5 EBEE                        JMP     putloop
    92                                  
    93                                  msg:
    94 000000C7 0A0A                    	DB	    0x0a, 0x0a      ;2个换行
    95 000000C9 6C6F6164206572726F-     	DB	    "load error"
    95 000000D2 72                 
    96 000000D3 0A                      	DB	    0x0a
    97 000000D4 00                      	DB	    0               ;同C语言,以0判断字符串结束标志
    98 000000D5 00<rept>                	TIMES   0x1fe-($-$$) DB 0        ;填写0x00,直到0x001fe
    99 000001FE 55AA                    	DB	    0x55, 0xaa		;规定第一扇区最后两个字节为0x55, 0xaa,认定这个扇区开头为启动程序,并开始执行这个程序
